  Source.cpp
C:\Users\Mesh Potsane\source\repos\Ludoboard\Ludoboard\Source.cpp(25,879): warning C4305: 'initializing': truncation from 'double' to 'float'
C:\Users\Mesh Potsane\source\repos\Ludoboard\Ludoboard\Source.cpp(26,876): warning C4305: 'initializing': truncation from 'double' to 'float'
C:\Users\Mesh Potsane\source\repos\Ludoboard\Ludoboard\Source.cpp(27,45): warning C4305: 'initializing': truncation from 'double' to 'float'
C:\Users\Mesh Potsane\source\repos\Ludoboard\Ludoboard\Source.cpp(28,41): warning C4305: 'initializing': truncation from 'double' to 'float'
C:\Users\Mesh Potsane\source\repos\Ludoboard\Ludoboard\Source.cpp(42,29): warning C4305: 'argument': truncation from 'double' to 'GLclampf'
C:\Users\Mesh Potsane\source\repos\Ludoboard\Ludoboard\Source.cpp(73,24): warning C4305: 'argument': truncation from 'double' to 'GLfloat'
C:\Users\Mesh Potsane\source\repos\Ludoboard\Ludoboard\Source.cpp(74,24): warning C4305: 'argument': truncation from 'double' to 'GLfloat'
C:\Users\Mesh Potsane\source\repos\Ludoboard\Ludoboard\Source.cpp(75,24): warning C4305: 'argument': truncation from 'double' to 'GLfloat'
C:\Users\Mesh Potsane\source\repos\Ludoboard\Ludoboard\Source.cpp(76,24): warning C4305: 'argument': truncation from 'double' to 'GLfloat'
C:\Users\Mesh Potsane\source\repos\Ludoboard\Ludoboard\Source.cpp(79,24): warning C4305: 'argument': truncation from 'double' to 'GLfloat'
C:\Users\Mesh Potsane\source\repos\Ludoboard\Ludoboard\Source.cpp(80,24): warning C4305: 'argument': truncation from 'double' to 'GLfloat'
C:\Users\Mesh Potsane\source\repos\Ludoboard\Ludoboard\Source.cpp(81,23): warning C4305: 'argument': truncation from 'double' to 'GLfloat'
C:\Users\Mesh Potsane\source\repos\Ludoboard\Ludoboard\Source.cpp(82,23): warning C4305: 'argument': truncation from 'double' to 'GLfloat'
C:\Users\Mesh Potsane\source\repos\Ludoboard\Ludoboard\Source.cpp(85,24): warning C4305: 'argument': truncation from 'double' to 'GLfloat'
C:\Users\Mesh Potsane\source\repos\Ludoboard\Ludoboard\Source.cpp(86,23): warning C4305: 'argument': truncation from 'double' to 'GLfloat'
C:\Users\Mesh Potsane\source\repos\Ludoboard\Ludoboard\Source.cpp(87,24): warning C4305: 'argument': truncation from 'double' to 'GLfloat'
C:\Users\Mesh Potsane\source\repos\Ludoboard\Ludoboard\Source.cpp(88,24): warning C4305: 'argument': truncation from 'double' to 'GLfloat'
C:\Users\Mesh Potsane\source\repos\Ludoboard\Ludoboard\Source.cpp(92,24): warning C4305: 'argument': truncation from 'double' to 'GLfloat'
C:\Users\Mesh Potsane\source\repos\Ludoboard\Ludoboard\Source.cpp(93,24): warning C4305: 'argument': truncation from 'double' to 'GLfloat'
C:\Users\Mesh Potsane\source\repos\Ludoboard\Ludoboard\Source.cpp(94,23): warning C4305: 'argument': truncation from 'double' to 'GLfloat'
C:\Users\Mesh Potsane\source\repos\Ludoboard\Ludoboard\Source.cpp(95,23): warning C4305: 'argument': truncation from 'double' to 'GLfloat'
C:\Users\Mesh Potsane\source\repos\Ludoboard\Ludoboard\Source.cpp(98,24): warning C4305: 'argument': truncation from 'double' to 'GLfloat'
C:\Users\Mesh Potsane\source\repos\Ludoboard\Ludoboard\Source.cpp(99,23): warning C4305: 'argument': truncation from 'double' to 'GLfloat'
C:\Users\Mesh Potsane\source\repos\Ludoboard\Ludoboard\Source.cpp(100,24): warning C4305: 'argument': truncation from 'double' to 'GLfloat'
C:\Users\Mesh Potsane\source\repos\Ludoboard\Ludoboard\Source.cpp(101,24): warning C4305: 'argument': truncation from 'double' to 'GLfloat'
C:\Users\Mesh Potsane\source\repos\Ludoboard\Ludoboard\Source.cpp(111,25): warning C4305: 'argument': truncation from 'double' to 'GLfloat'
C:\Users\Mesh Potsane\source\repos\Ludoboard\Ludoboard\Source.cpp(115,25): warning C4305: 'argument': truncation from 'double' to 'GLfloat'
C:\Users\Mesh Potsane\source\repos\Ludoboard\Ludoboard\Source.cpp(116,25): warning C4305: 'argument': truncation from 'double' to 'GLfloat'
C:\Users\Mesh Potsane\source\repos\Ludoboard\Ludoboard\Source.cpp(120,25): warning C4305: 'argument': truncation from 'double' to 'GLfloat'
C:\Users\Mesh Potsane\source\repos\Ludoboard\Ludoboard\Source.cpp(121,26): warning C4305: 'argument': truncation from 'double' to 'GLfloat'
C:\Users\Mesh Potsane\source\repos\Ludoboard\Ludoboard\Source.cpp(122,25): warning C4305: 'argument': truncation from 'double' to 'GLfloat'
C:\Users\Mesh Potsane\source\repos\Ludoboard\Ludoboard\Source.cpp(126,26): warning C4305: 'argument': truncation from 'double' to 'GLfloat'
C:\Users\Mesh Potsane\source\repos\Ludoboard\Ludoboard\Source.cpp(127,26): warning C4305: 'argument': truncation from 'double' to 'GLfloat'
C:\Users\Mesh Potsane\source\repos\Ludoboard\Ludoboard\Source.cpp(128,26): warning C4305: 'argument': truncation from 'double' to 'GLfloat'
C:\Users\Mesh Potsane\source\repos\Ludoboard\Ludoboard\Source.cpp(129,26): warning C4305: 'argument': truncation from 'double' to 'GLfloat'
C:\Users\Mesh Potsane\source\repos\Ludoboard\Ludoboard\Source.cpp(133,26): warning C4305: 'argument': truncation from 'double' to 'GLfloat'
C:\Users\Mesh Potsane\source\repos\Ludoboard\Ludoboard\Source.cpp(134,26): warning C4305: 'argument': truncation from 'double' to 'GLfloat'
C:\Users\Mesh Potsane\source\repos\Ludoboard\Ludoboard\Source.cpp(135,25): warning C4305: 'argument': truncation from 'double' to 'GLfloat'
C:\Users\Mesh Potsane\source\repos\Ludoboard\Ludoboard\Source.cpp(136,26): warning C4305: 'argument': truncation from 'double' to 'GLfloat'
C:\Users\Mesh Potsane\source\repos\Ludoboard\Ludoboard\Source.cpp(137,26): warning C4305: 'argument': truncation from 'double' to 'GLfloat'
C:\Users\Mesh Potsane\source\repos\Ludoboard\Ludoboard\Source.cpp(141,25): warning C4305: 'argument': truncation from 'double' to 'GLfloat'
C:\Users\Mesh Potsane\source\repos\Ludoboard\Ludoboard\Source.cpp(142,26): warning C4305: 'argument': truncation from 'double' to 'GLfloat'
C:\Users\Mesh Potsane\source\repos\Ludoboard\Ludoboard\Source.cpp(143,25): warning C4305: 'argument': truncation from 'double' to 'GLfloat'
C:\Users\Mesh Potsane\source\repos\Ludoboard\Ludoboard\Source.cpp(144,25): warning C4305: 'argument': truncation from 'double' to 'GLfloat'
C:\Users\Mesh Potsane\source\repos\Ludoboard\Ludoboard\Source.cpp(145,26): warning C4305: 'argument': truncation from 'double' to 'GLfloat'
C:\Users\Mesh Potsane\source\repos\Ludoboard\Ludoboard\Source.cpp(146,25): warning C4305: 'argument': truncation from 'double' to 'GLfloat'
C:\Users\Mesh Potsane\source\repos\Ludoboard\Ludoboard\Source.cpp(289,33): warning C4305: '=': truncation from 'double' to 'float'
C:\Users\Mesh Potsane\source\repos\Ludoboard\Ludoboard\Source.cpp(289,49): warning C4305: '=': truncation from 'double' to 'float'
C:\Users\Mesh Potsane\source\repos\Ludoboard\Ludoboard\Source.cpp(290,31): warning C4305: '=': truncation from 'double' to 'float'
C:\Users\Mesh Potsane\source\repos\Ludoboard\Ludoboard\Source.cpp(290,46): warning C4305: '=': truncation from 'double' to 'float'
C:\Users\Mesh Potsane\source\repos\Ludoboard\Ludoboard\Source.cpp(313,16): warning C4305: 'initializing': truncation from 'double' to 'float'
C:\Users\Mesh Potsane\source\repos\Ludoboard\Ludoboard\Source.cpp(313,25): warning C4305: 'initializing': truncation from 'double' to 'float'
C:\Users\Mesh Potsane\source\repos\Ludoboard\Ludoboard\Source.cpp(320,25): warning C4305: 'argument': truncation from 'double' to 'GLfloat'
C:\Users\Mesh Potsane\source\repos\Ludoboard\Ludoboard\Source.cpp(327,13): warning C4305: '-=': truncation from 'double' to 'float'
C:\Users\Mesh Potsane\source\repos\Ludoboard\Ludoboard\Source.cpp(332,13): warning C4305: '-=': truncation from 'double' to 'float'
C:\Users\Mesh Potsane\source\repos\Ludoboard\Ludoboard\Source.cpp(353,16): warning C4305: 'initializing': truncation from 'double' to 'float'
C:\Users\Mesh Potsane\source\repos\Ludoboard\Ludoboard\Source.cpp(353,25): warning C4305: 'initializing': truncation from 'double' to 'float'
C:\Users\Mesh Potsane\source\repos\Ludoboard\Ludoboard\Source.cpp(360,25): warning C4305: 'argument': truncation from 'double' to 'GLfloat'
C:\Users\Mesh Potsane\source\repos\Ludoboard\Ludoboard\Source.cpp(367,13): warning C4305: '-=': truncation from 'double' to 'float'
C:\Users\Mesh Potsane\source\repos\Ludoboard\Ludoboard\Source.cpp(372,13): warning C4305: '-=': truncation from 'double' to 'float'
C:\Users\Mesh Potsane\source\repos\Ludoboard\Ludoboard\Source.cpp(395,16): warning C4305: 'initializing': truncation from 'double' to 'float'
C:\Users\Mesh Potsane\source\repos\Ludoboard\Ludoboard\Source.cpp(395,25): warning C4305: 'initializing': truncation from 'double' to 'float'
C:\Users\Mesh Potsane\source\repos\Ludoboard\Ludoboard\Source.cpp(402,25): warning C4305: 'argument': truncation from 'double' to 'GLfloat'
C:\Users\Mesh Potsane\source\repos\Ludoboard\Ludoboard\Source.cpp(409,13): warning C4305: '-=': truncation from 'double' to 'float'
C:\Users\Mesh Potsane\source\repos\Ludoboard\Ludoboard\Source.cpp(414,13): warning C4305: '-=': truncation from 'double' to 'float'
C:\Users\Mesh Potsane\source\repos\Ludoboard\Ludoboard\Source.cpp(470,29): warning C4305: 'argument': truncation from 'double' to 'GLfloat'
C:\Users\Mesh Potsane\source\repos\Ludoboard\Ludoboard\Source.cpp(494,29): warning C4305: 'argument': truncation from 'double' to 'GLfloat'
C:\Users\Mesh Potsane\source\repos\Ludoboard\Ludoboard\Source.cpp(520,24): warning C4305: 'argument': truncation from 'double' to 'GLfloat'
C:\Users\Mesh Potsane\source\repos\Ludoboard\Ludoboard\Source.cpp(521,21): warning C4305: 'argument': truncation from 'double' to 'GLfloat'
C:\Users\Mesh Potsane\source\repos\Ludoboard\Ludoboard\Source.cpp(522,20): warning C4305: 'argument': truncation from 'double' to 'GLfloat'
C:\Users\Mesh Potsane\source\repos\Ludoboard\Ludoboard\Source.cpp(529,20): warning C4305: 'argument': truncation from 'double' to 'GLfloat'
C:\Users\Mesh Potsane\source\repos\Ludoboard\Ludoboard\Source.cpp(530,25): warning C4305: 'argument': truncation from 'double' to 'GLfloat'
C:\Users\Mesh Potsane\source\repos\Ludoboard\Ludoboard\Source.cpp(531,20): warning C4305: 'argument': truncation from 'double' to 'GLfloat'
C:\Users\Mesh Potsane\source\repos\Ludoboard\Ludoboard\Source.cpp(532,24): warning C4305: 'argument': truncation from 'double' to 'GLfloat'
C:\Users\Mesh Potsane\source\repos\Ludoboard\Ludoboard\Source.cpp(537,24): warning C4305: 'argument': truncation from 'double' to 'GLfloat'
C:\Users\Mesh Potsane\source\repos\Ludoboard\Ludoboard\Source.cpp(538,20): warning C4305: 'argument': truncation from 'double' to 'GLfloat'
C:\Users\Mesh Potsane\source\repos\Ludoboard\Ludoboard\Source.cpp(539,19): warning C4305: 'argument': truncation from 'double' to 'GLfloat'
C:\Users\Mesh Potsane\source\repos\Ludoboard\Ludoboard\Source.cpp(544,19): warning C4305: 'argument': truncation from 'double' to 'GLfloat'
C:\Users\Mesh Potsane\source\repos\Ludoboard\Ludoboard\Source.cpp(545,24): warning C4305: 'argument': truncation from 'double' to 'GLfloat'
C:\Users\Mesh Potsane\source\repos\Ludoboard\Ludoboard\Source.cpp(546,19): warning C4305: 'argument': truncation from 'double' to 'GLfloat'
C:\Users\Mesh Potsane\source\repos\Ludoboard\Ludoboard\Source.cpp(547,23): warning C4305: 'argument': truncation from 'double' to 'GLfloat'
C:\Users\Mesh Potsane\source\repos\Ludoboard\Ludoboard\Source.cpp(581,23): warning C4305: 'argument': truncation from 'double' to 'GLfloat'
C:\Users\Mesh Potsane\source\repos\Ludoboard\Ludoboard\Source.cpp(602,23): warning C4305: 'argument': truncation from 'double' to 'GLfloat'
C:\Users\Mesh Potsane\source\repos\Ludoboard\Ludoboard\Source.cpp(684,64): warning C4305: '=': truncation from 'double' to 'float'
C:\Users\Mesh Potsane\source\repos\Ludoboard\Ludoboard\Source.cpp(685,49): warning C4305: '=': truncation from 'double' to 'float'
C:\Users\Mesh Potsane\source\repos\Ludoboard\Ludoboard\Source.cpp(698,27): warning C4305: 'argument': truncation from 'double' to 'GLfloat'
C:\Users\Mesh Potsane\source\repos\Ludoboard\Ludoboard\Source.cpp(740,17): warning C4305: '=': truncation from 'double' to 'float'
C:\Users\Mesh Potsane\source\repos\Ludoboard\Ludoboard\Source.cpp(768,66): warning C4305: '=': truncation from 'double' to 'float'
C:\Users\Mesh Potsane\source\repos\Ludoboard\Ludoboard\Source.cpp(769,51): warning C4305: '=': truncation from 'double' to 'float'
C:\Users\Mesh Potsane\source\repos\Ludoboard\Ludoboard\Source.cpp(782,29): warning C4305: 'argument': truncation from 'double' to 'GLfloat'
C:\Users\Mesh Potsane\source\repos\Ludoboard\Ludoboard\Source.cpp(821,35): warning C4305: '=': truncation from 'double' to 'float'
C:\Users\Mesh Potsane\source\repos\Ludoboard\Ludoboard\Source.cpp(852,23): warning C4305: 'argument': truncation from 'double' to 'GLfloat'
C:\Users\Mesh Potsane\source\repos\Ludoboard\Ludoboard\Source.cpp(871,23): warning C4305: 'argument': truncation from 'double' to 'GLfloat'
C:\Users\Mesh Potsane\source\repos\Ludoboard\Ludoboard\Source.cpp(956,68): warning C4305: '=': truncation from 'double' to 'float'
C:\Users\Mesh Potsane\source\repos\Ludoboard\Ludoboard\Source.cpp(957,52): warning C4305: '=': truncation from 'double' to 'float'
C:\Users\Mesh Potsane\source\repos\Ludoboard\Ludoboard\Source.cpp(969,27): warning C4305: 'argument': truncation from 'double' to 'GLfloat'
C:\Users\Mesh Potsane\source\repos\Ludoboard\Ludoboard\Source.cpp(1006,20): warning C4305: '=': truncation from 'double' to 'float'
C:\Users\Mesh Potsane\source\repos\Ludoboard\Ludoboard\Source.cpp(1031,68): warning C4305: '=': truncation from 'double' to 'float'
C:\Users\Mesh Potsane\source\repos\Ludoboard\Ludoboard\Source.cpp(1032,52): warning C4305: '=': truncation from 'double' to 'float'
C:\Users\Mesh Potsane\source\repos\Ludoboard\Ludoboard\Source.cpp(1046,27): warning C4305: 'argument': truncation from 'double' to 'GLfloat'
C:\Users\Mesh Potsane\source\repos\Ludoboard\Ludoboard\Source.cpp(1084,35): warning C4305: '=': truncation from 'double' to 'float'
C:\Users\Mesh Potsane\source\repos\Ludoboard\Ludoboard\Source.cpp(1107,16): warning C4305: 'initializing': truncation from 'double' to 'float'
C:\Users\Mesh Potsane\source\repos\Ludoboard\Ludoboard\Source.cpp(1107,25): warning C4305: 'initializing': truncation from 'double' to 'float'
C:\Users\Mesh Potsane\source\repos\Ludoboard\Ludoboard\Source.cpp(1118,13): warning C4305: '-=': truncation from 'double' to 'float'
C:\Users\Mesh Potsane\source\repos\Ludoboard\Ludoboard\Source.cpp(1142,21): warning C4305: 'argument': truncation from 'double' to 'GLfloat'
C:\Users\Mesh Potsane\source\repos\Ludoboard\Ludoboard\Source.cpp(1143,22): warning C4305: 'argument': truncation from 'double' to 'GLfloat'
C:\Users\Mesh Potsane\source\repos\Ludoboard\Ludoboard\Source.cpp(1144,23): warning C4305: 'argument': truncation from 'double' to 'GLfloat'
C:\Users\Mesh Potsane\source\repos\Ludoboard\Ludoboard\Source.cpp(1145,22): warning C4305: 'argument': truncation from 'double' to 'GLfloat'
C:\Users\Mesh Potsane\source\repos\Ludoboard\Ludoboard\Source.cpp(1152,23): warning C4305: 'argument': truncation from 'double' to 'GLfloat'
C:\Users\Mesh Potsane\source\repos\Ludoboard\Ludoboard\Source.cpp(1153,23): warning C4305: 'argument': truncation from 'double' to 'GLfloat'
C:\Users\Mesh Potsane\source\repos\Ludoboard\Ludoboard\Source.cpp(1154,23): warning C4305: 'argument': truncation from 'double' to 'GLfloat'
C:\Users\Mesh Potsane\source\repos\Ludoboard\Ludoboard\Source.cpp(1155,23): warning C4305: 'argument': truncation from 'double' to 'GLfloat'
C:\Users\Mesh Potsane\source\repos\Ludoboard\Ludoboard\Source.cpp(1163,21): warning C4305: 'argument': truncation from 'double' to 'GLfloat'
C:\Users\Mesh Potsane\source\repos\Ludoboard\Ludoboard\Source.cpp(1164,21): warning C4305: 'argument': truncation from 'double' to 'GLfloat'
C:\Users\Mesh Potsane\source\repos\Ludoboard\Ludoboard\Source.cpp(1165,21): warning C4305: 'argument': truncation from 'double' to 'GLfloat'
C:\Users\Mesh Potsane\source\repos\Ludoboard\Ludoboard\Source.cpp(1166,21): warning C4305: 'argument': truncation from 'double' to 'GLfloat'
C:\Users\Mesh Potsane\source\repos\Ludoboard\Ludoboard\Source.cpp(1174,21): warning C4305: 'argument': truncation from 'double' to 'GLfloat'
C:\Users\Mesh Potsane\source\repos\Ludoboard\Ludoboard\Source.cpp(1175,22): warning C4305: 'argument': truncation from 'double' to 'GLfloat'
C:\Users\Mesh Potsane\source\repos\Ludoboard\Ludoboard\Source.cpp(1184,23): warning C4305: 'argument': truncation from 'double' to 'GLfloat'
C:\Users\Mesh Potsane\source\repos\Ludoboard\Ludoboard\Source.cpp(1185,22): warning C4305: 'argument': truncation from 'double' to 'GLfloat'
C:\Users\Mesh Potsane\source\repos\Ludoboard\Ludoboard\Source.cpp(1194,24): warning C4305: 'argument': truncation from 'double' to 'GLfloat'
C:\Users\Mesh Potsane\source\repos\Ludoboard\Ludoboard\Source.cpp(1195,23): warning C4305: 'argument': truncation from 'double' to 'GLfloat'
C:\Users\Mesh Potsane\source\repos\Ludoboard\Ludoboard\Source.cpp(1196,25): warning C4305: 'argument': truncation from 'double' to 'GLfloat'
C:\Users\Mesh Potsane\source\repos\Ludoboard\Ludoboard\Source.cpp(1197,26): warning C4305: 'argument': truncation from 'double' to 'GLfloat'
C:\Users\Mesh Potsane\source\repos\Ludoboard\Ludoboard\Source.cpp(1198,22): warning C4305: 'argument': truncation from 'double' to 'GLfloat'
C:\Users\Mesh Potsane\source\repos\Ludoboard\Ludoboard\Source.cpp(1199,25): warning C4305: 'argument': truncation from 'double' to 'GLfloat'
C:\Users\Mesh Potsane\source\repos\Ludoboard\Ludoboard\Source.cpp(1200,26): warning C4305: 'argument': truncation from 'double' to 'GLfloat'
C:\Users\Mesh Potsane\source\repos\Ludoboard\Ludoboard\Source.cpp(1201,23): warning C4305: 'argument': truncation from 'double' to 'GLfloat'
C:\Users\Mesh Potsane\source\repos\Ludoboard\Ludoboard\Source.cpp(1211,25): warning C4305: 'argument': truncation from 'double' to 'GLfloat'
C:\Users\Mesh Potsane\source\repos\Ludoboard\Ludoboard\Source.cpp(1212,24): warning C4305: 'argument': truncation from 'double' to 'GLfloat'
C:\Users\Mesh Potsane\source\repos\Ludoboard\Ludoboard\Source.cpp(1213,26): warning C4305: 'argument': truncation from 'double' to 'GLfloat'
C:\Users\Mesh Potsane\source\repos\Ludoboard\Ludoboard\Source.cpp(1214,27): warning C4305: 'argument': truncation from 'double' to 'GLfloat'
C:\Users\Mesh Potsane\source\repos\Ludoboard\Ludoboard\Source.cpp(1215,24): warning C4305: 'argument': truncation from 'double' to 'GLfloat'
C:\Users\Mesh Potsane\source\repos\Ludoboard\Ludoboard\Source.cpp(1216,26): warning C4305: 'argument': truncation from 'double' to 'GLfloat'
C:\Users\Mesh Potsane\source\repos\Ludoboard\Ludoboard\Source.cpp(1217,27): warning C4305: 'argument': truncation from 'double' to 'GLfloat'
C:\Users\Mesh Potsane\source\repos\Ludoboard\Ludoboard\Source.cpp(1218,25): warning C4305: 'argument': truncation from 'double' to 'GLfloat'
C:\Users\Mesh Potsane\source\repos\Ludoboard\Ludoboard\Source.cpp(1225,23): warning C4305: 'argument': truncation from 'double' to 'GLfloat'
C:\Users\Mesh Potsane\source\repos\Ludoboard\Ludoboard\Source.cpp(1226,23): warning C4305: 'argument': truncation from 'double' to 'GLfloat'
C:\Users\Mesh Potsane\source\repos\Ludoboard\Ludoboard\Source.cpp(1227,23): warning C4305: 'argument': truncation from 'double' to 'GLfloat'
C:\Users\Mesh Potsane\source\repos\Ludoboard\Ludoboard\Source.cpp(1228,23): warning C4305: 'argument': truncation from 'double' to 'GLfloat'
C:\Users\Mesh Potsane\source\repos\Ludoboard\Ludoboard\Source.cpp(1234,25): warning C4305: 'argument': truncation from 'double' to 'GLfloat'
C:\Users\Mesh Potsane\source\repos\Ludoboard\Ludoboard\Source.cpp(1235,25): warning C4305: 'argument': truncation from 'double' to 'GLfloat'
C:\Users\Mesh Potsane\source\repos\Ludoboard\Ludoboard\Source.cpp(1236,25): warning C4305: 'argument': truncation from 'double' to 'GLfloat'
C:\Users\Mesh Potsane\source\repos\Ludoboard\Ludoboard\Source.cpp(1237,25): warning C4305: 'argument': truncation from 'double' to 'GLfloat'
C:\Users\Mesh Potsane\source\repos\Ludoboard\Ludoboard\Source.cpp(1243,25): warning C4305: 'argument': truncation from 'double' to 'GLfloat'
C:\Users\Mesh Potsane\source\repos\Ludoboard\Ludoboard\Source.cpp(1244,25): warning C4305: 'argument': truncation from 'double' to 'GLfloat'
C:\Users\Mesh Potsane\source\repos\Ludoboard\Ludoboard\Source.cpp(1245,25): warning C4305: 'argument': truncation from 'double' to 'GLfloat'
C:\Users\Mesh Potsane\source\repos\Ludoboard\Ludoboard\Source.cpp(1246,25): warning C4305: 'argument': truncation from 'double' to 'GLfloat'
C:\Users\Mesh Potsane\source\repos\Ludoboard\Ludoboard\Source.cpp(1252,21): warning C4305: 'argument': truncation from 'double' to 'GLfloat'
C:\Users\Mesh Potsane\source\repos\Ludoboard\Ludoboard\Source.cpp(1253,21): warning C4305: 'argument': truncation from 'double' to 'GLfloat'
C:\Users\Mesh Potsane\source\repos\Ludoboard\Ludoboard\Source.cpp(1254,21): warning C4305: 'argument': truncation from 'double' to 'GLfloat'
C:\Users\Mesh Potsane\source\repos\Ludoboard\Ludoboard\Source.cpp(1255,21): warning C4305: 'argument': truncation from 'double' to 'GLfloat'
C:\Users\Mesh Potsane\source\repos\Ludoboard\Ludoboard\Source.cpp(1261,23): warning C4305: 'argument': truncation from 'double' to 'GLfloat'
C:\Users\Mesh Potsane\source\repos\Ludoboard\Ludoboard\Source.cpp(1262,23): warning C4305: 'argument': truncation from 'double' to 'GLfloat'
C:\Users\Mesh Potsane\source\repos\Ludoboard\Ludoboard\Source.cpp(1263,23): warning C4305: 'argument': truncation from 'double' to 'GLfloat'
C:\Users\Mesh Potsane\source\repos\Ludoboard\Ludoboard\Source.cpp(1264,23): warning C4305: 'argument': truncation from 'double' to 'GLfloat'
C:\Users\Mesh Potsane\source\repos\Ludoboard\Ludoboard\Source.cpp(1270,23): warning C4305: 'argument': truncation from 'double' to 'GLfloat'
C:\Users\Mesh Potsane\source\repos\Ludoboard\Ludoboard\Source.cpp(1271,23): warning C4305: 'argument': truncation from 'double' to 'GLfloat'
C:\Users\Mesh Potsane\source\repos\Ludoboard\Ludoboard\Source.cpp(1272,23): warning C4305: 'argument': truncation from 'double' to 'GLfloat'
C:\Users\Mesh Potsane\source\repos\Ludoboard\Ludoboard\Source.cpp(1273,23): warning C4305: 'argument': truncation from 'double' to 'GLfloat'
C:\Users\Mesh Potsane\source\repos\Ludoboard\Ludoboard\Source.cpp(1278,24): warning C4305: 'argument': truncation from 'double' to 'GLfloat'
C:\Users\Mesh Potsane\source\repos\Ludoboard\Ludoboard\Source.cpp(1279,21): warning C4305: 'argument': truncation from 'double' to 'GLfloat'
C:\Users\Mesh Potsane\source\repos\Ludoboard\Ludoboard\Source.cpp(1280,20): warning C4305: 'argument': truncation from 'double' to 'GLfloat'
C:\Users\Mesh Potsane\source\repos\Ludoboard\Ludoboard\Source.cpp(1287,20): warning C4305: 'argument': truncation from 'double' to 'GLfloat'
C:\Users\Mesh Potsane\source\repos\Ludoboard\Ludoboard\Source.cpp(1288,25): warning C4305: 'argument': truncation from 'double' to 'GLfloat'
C:\Users\Mesh Potsane\source\repos\Ludoboard\Ludoboard\Source.cpp(1289,20): warning C4305: 'argument': truncation from 'double' to 'GLfloat'
C:\Users\Mesh Potsane\source\repos\Ludoboard\Ludoboard\Source.cpp(1290,24): warning C4305: 'argument': truncation from 'double' to 'GLfloat'
C:\Users\Mesh Potsane\source\repos\Ludoboard\Ludoboard\Source.cpp(1295,24): warning C4305: 'argument': truncation from 'double' to 'GLfloat'
C:\Users\Mesh Potsane\source\repos\Ludoboard\Ludoboard\Source.cpp(1296,20): warning C4305: 'argument': truncation from 'double' to 'GLfloat'
C:\Users\Mesh Potsane\source\repos\Ludoboard\Ludoboard\Source.cpp(1297,19): warning C4305: 'argument': truncation from 'double' to 'GLfloat'
C:\Users\Mesh Potsane\source\repos\Ludoboard\Ludoboard\Source.cpp(1302,19): warning C4305: 'argument': truncation from 'double' to 'GLfloat'
C:\Users\Mesh Potsane\source\repos\Ludoboard\Ludoboard\Source.cpp(1303,24): warning C4305: 'argument': truncation from 'double' to 'GLfloat'
C:\Users\Mesh Potsane\source\repos\Ludoboard\Ludoboard\Source.cpp(1304,19): warning C4305: 'argument': truncation from 'double' to 'GLfloat'
C:\Users\Mesh Potsane\source\repos\Ludoboard\Ludoboard\Source.cpp(1305,23): warning C4305: 'argument': truncation from 'double' to 'GLfloat'
C:\Users\Mesh Potsane\source\repos\Ludoboard\Ludoboard\Source.cpp(1310,25): warning C4305: 'argument': truncation from 'double' to 'GLfloat'
C:\Users\Mesh Potsane\source\repos\Ludoboard\Ludoboard\Source.cpp(1311,25): warning C4305: 'argument': truncation from 'double' to 'GLfloat'
C:\Users\Mesh Potsane\source\repos\Ludoboard\Ludoboard\Source.cpp(1314,24): warning C4305: 'argument': truncation from 'double' to 'GLfloat'
C:\Users\Mesh Potsane\source\repos\Ludoboard\Ludoboard\Source.cpp(1315,24): warning C4305: 'argument': truncation from 'double' to 'GLfloat'
C:\Users\Mesh Potsane\source\repos\Ludoboard\Ludoboard\Source.cpp(1318,23): warning C4305: 'argument': truncation from 'double' to 'GLfloat'
C:\Users\Mesh Potsane\source\repos\Ludoboard\Ludoboard\Source.cpp(1319,23): warning C4305: 'argument': truncation from 'double' to 'GLfloat'
C:\Users\Mesh Potsane\source\repos\Ludoboard\Ludoboard\Source.cpp(1323,22): warning C4305: 'argument': truncation from 'double' to 'GLfloat'
C:\Users\Mesh Potsane\source\repos\Ludoboard\Ludoboard\Source.cpp(1324,22): warning C4305: 'argument': truncation from 'double' to 'GLfloat'
C:\Users\Mesh Potsane\source\repos\Ludoboard\Ludoboard\Source.cpp(1328,23): warning C4305: 'argument': truncation from 'double' to 'GLfloat'
C:\Users\Mesh Potsane\source\repos\Ludoboard\Ludoboard\Source.cpp(1329,23): warning C4305: 'argument': truncation from 'double' to 'GLfloat'
C:\Users\Mesh Potsane\source\repos\Ludoboard\Ludoboard\Source.cpp(1333,21): warning C4305: 'argument': truncation from 'double' to 'GLfloat'
C:\Users\Mesh Potsane\source\repos\Ludoboard\Ludoboard\Source.cpp(1334,21): warning C4305: 'argument': truncation from 'double' to 'GLfloat'
C:\Users\Mesh Potsane\source\repos\Ludoboard\Ludoboard\Source.cpp(1340,24): warning C4305: 'argument': truncation from 'double' to 'GLfloat'
C:\Users\Mesh Potsane\source\repos\Ludoboard\Ludoboard\Source.cpp(1341,24): warning C4305: 'argument': truncation from 'double' to 'GLfloat'
C:\Users\Mesh Potsane\source\repos\Ludoboard\Ludoboard\Source.cpp(1345,23): warning C4305: 'argument': truncation from 'double' to 'GLfloat'
C:\Users\Mesh Potsane\source\repos\Ludoboard\Ludoboard\Source.cpp(1346,23): warning C4305: 'argument': truncation from 'double' to 'GLfloat'
C:\Users\Mesh Potsane\source\repos\Ludoboard\Ludoboard\Source.cpp(1350,22): warning C4305: 'argument': truncation from 'double' to 'GLfloat'
C:\Users\Mesh Potsane\source\repos\Ludoboard\Ludoboard\Source.cpp(1351,22): warning C4305: 'argument': truncation from 'double' to 'GLfloat'
C:\Users\Mesh Potsane\source\repos\Ludoboard\Ludoboard\Source.cpp(1355,21): warning C4305: 'argument': truncation from 'double' to 'GLfloat'
C:\Users\Mesh Potsane\source\repos\Ludoboard\Ludoboard\Source.cpp(1356,21): warning C4305: 'argument': truncation from 'double' to 'GLfloat'
C:\Users\Mesh Potsane\source\repos\Ludoboard\Ludoboard\Source.cpp(1363,24): warning C4305: 'argument': truncation from 'double' to 'GLfloat'
C:\Users\Mesh Potsane\source\repos\Ludoboard\Ludoboard\Source.cpp(1364,24): warning C4305: 'argument': truncation from 'double' to 'GLfloat'
C:\Users\Mesh Potsane\source\repos\Ludoboard\Ludoboard\Source.cpp(1367,23): warning C4305: 'argument': truncation from 'double' to 'GLfloat'
C:\Users\Mesh Potsane\source\repos\Ludoboard\Ludoboard\Source.cpp(1368,23): warning C4305: 'argument': truncation from 'double' to 'GLfloat'
C:\Users\Mesh Potsane\source\repos\Ludoboard\Ludoboard\Source.cpp(1371,22): warning C4305: 'argument': truncation from 'double' to 'GLfloat'
C:\Users\Mesh Potsane\source\repos\Ludoboard\Ludoboard\Source.cpp(1372,22): warning C4305: 'argument': truncation from 'double' to 'GLfloat'
C:\Users\Mesh Potsane\source\repos\Ludoboard\Ludoboard\Source.cpp(1376,21): warning C4305: 'argument': truncation from 'double' to 'GLfloat'
C:\Users\Mesh Potsane\source\repos\Ludoboard\Ludoboard\Source.cpp(1377,21): warning C4305: 'argument': truncation from 'double' to 'GLfloat'
C:\Users\Mesh Potsane\source\repos\Ludoboard\Ludoboard\Source.cpp(1384,25): warning C4305: 'argument': truncation from 'double' to 'GLfloat'
C:\Users\Mesh Potsane\source\repos\Ludoboard\Ludoboard\Source.cpp(1385,25): warning C4305: 'argument': truncation from 'double' to 'GLfloat'
C:\Users\Mesh Potsane\source\repos\Ludoboard\Ludoboard\Source.cpp(1389,24): warning C4305: 'argument': truncation from 'double' to 'GLfloat'
C:\Users\Mesh Potsane\source\repos\Ludoboard\Ludoboard\Source.cpp(1390,24): warning C4305: 'argument': truncation from 'double' to 'GLfloat'
C:\Users\Mesh Potsane\source\repos\Ludoboard\Ludoboard\Source.cpp(1394,23): warning C4305: 'argument': truncation from 'double' to 'GLfloat'
C:\Users\Mesh Potsane\source\repos\Ludoboard\Ludoboard\Source.cpp(1395,23): warning C4305: 'argument': truncation from 'double' to 'GLfloat'
C:\Users\Mesh Potsane\source\repos\Ludoboard\Ludoboard\Source.cpp(1399,22): warning C4305: 'argument': truncation from 'double' to 'GLfloat'
C:\Users\Mesh Potsane\source\repos\Ludoboard\Ludoboard\Source.cpp(1400,22): warning C4305: 'argument': truncation from 'double' to 'GLfloat'
C:\Users\Mesh Potsane\source\repos\Ludoboard\Ludoboard\Source.cpp(1407,25): warning C4305: 'argument': truncation from 'double' to 'GLfloat'
C:\Users\Mesh Potsane\source\repos\Ludoboard\Ludoboard\Source.cpp(1408,24): warning C4305: 'argument': truncation from 'double' to 'GLfloat'
C:\Users\Mesh Potsane\source\repos\Ludoboard\Ludoboard\Source.cpp(1412,24): warning C4305: 'argument': truncation from 'double' to 'GLfloat'
C:\Users\Mesh Potsane\source\repos\Ludoboard\Ludoboard\Source.cpp(1413,23): warning C4305: 'argument': truncation from 'double' to 'GLfloat'
C:\Users\Mesh Potsane\source\repos\Ludoboard\Ludoboard\Source.cpp(1417,25): warning C4305: 'argument': truncation from 'double' to 'GLfloat'
C:\Users\Mesh Potsane\source\repos\Ludoboard\Ludoboard\Source.cpp(1418,24): warning C4305: 'argument': truncation from 'double' to 'GLfloat'
C:\Users\Mesh Potsane\source\repos\Ludoboard\Ludoboard\Source.cpp(1422,25): warning C4305: 'argument': truncation from 'double' to 'GLfloat'
C:\Users\Mesh Potsane\source\repos\Ludoboard\Ludoboard\Source.cpp(1423,24): warning C4305: 'argument': truncation from 'double' to 'GLfloat'
C:\Users\Mesh Potsane\source\repos\Ludoboard\Ludoboard\Source.cpp(1427,24): warning C4305: 'argument': truncation from 'double' to 'GLfloat'
C:\Users\Mesh Potsane\source\repos\Ludoboard\Ludoboard\Source.cpp(1428,23): warning C4305: 'argument': truncation from 'double' to 'GLfloat'
C:\Users\Mesh Potsane\source\repos\Ludoboard\Ludoboard\Source.cpp(1432,23): warning C4305: 'argument': truncation from 'double' to 'GLfloat'
C:\Users\Mesh Potsane\source\repos\Ludoboard\Ludoboard\Source.cpp(1433,22): warning C4305: 'argument': truncation from 'double' to 'GLfloat'
C:\Users\Mesh Potsane\source\repos\Ludoboard\Ludoboard\Source.cpp(1441,24): warning C4305: 'argument': truncation from 'double' to 'GLfloat'
C:\Users\Mesh Potsane\source\repos\Ludoboard\Ludoboard\Source.cpp(1442,23): warning C4305: 'argument': truncation from 'double' to 'GLfloat'
C:\Users\Mesh Potsane\source\repos\Ludoboard\Ludoboard\Source.cpp(1446,24): warning C4305: 'argument': truncation from 'double' to 'GLfloat'
C:\Users\Mesh Potsane\source\repos\Ludoboard\Ludoboard\Source.cpp(1447,23): warning C4305: 'argument': truncation from 'double' to 'GLfloat'
C:\Users\Mesh Potsane\source\repos\Ludoboard\Ludoboard\Source.cpp(1451,24): warning C4305: 'argument': truncation from 'double' to 'GLfloat'
C:\Users\Mesh Potsane\source\repos\Ludoboard\Ludoboard\Source.cpp(1452,23): warning C4305: 'argument': truncation from 'double' to 'GLfloat'
C:\Users\Mesh Potsane\source\repos\Ludoboard\Ludoboard\Source.cpp(1456,24): warning C4305: 'argument': truncation from 'double' to 'GLfloat'
C:\Users\Mesh Potsane\source\repos\Ludoboard\Ludoboard\Source.cpp(1457,23): warning C4305: 'argument': truncation from 'double' to 'GLfloat'
C:\Users\Mesh Potsane\source\repos\Ludoboard\Ludoboard\Source.cpp(1461,23): warning C4305: 'argument': truncation from 'double' to 'GLfloat'
C:\Users\Mesh Potsane\source\repos\Ludoboard\Ludoboard\Source.cpp(1462,22): warning C4305: 'argument': truncation from 'double' to 'GLfloat'
C:\Users\Mesh Potsane\source\repos\Ludoboard\Ludoboard\Source.cpp(1466,22): warning C4305: 'argument': truncation from 'double' to 'GLfloat'
C:\Users\Mesh Potsane\source\repos\Ludoboard\Ludoboard\Source.cpp(1467,21): warning C4305: 'argument': truncation from 'double' to 'GLfloat'
C:\Users\Mesh Potsane\source\repos\Ludoboard\Ludoboard\Source.cpp(1475,24): warning C4305: 'argument': truncation from 'double' to 'GLfloat'
C:\Users\Mesh Potsane\source\repos\Ludoboard\Ludoboard\Source.cpp(1476,23): warning C4305: 'argument': truncation from 'double' to 'GLfloat'
C:\Users\Mesh Potsane\source\repos\Ludoboard\Ludoboard\Source.cpp(1480,24): warning C4305: 'argument': truncation from 'double' to 'GLfloat'
C:\Users\Mesh Potsane\source\repos\Ludoboard\Ludoboard\Source.cpp(1481,23): warning C4305: 'argument': truncation from 'double' to 'GLfloat'
C:\Users\Mesh Potsane\source\repos\Ludoboard\Ludoboard\Source.cpp(1485,24): warning C4305: 'argument': truncation from 'double' to 'GLfloat'
C:\Users\Mesh Potsane\source\repos\Ludoboard\Ludoboard\Source.cpp(1486,23): warning C4305: 'argument': truncation from 'double' to 'GLfloat'
C:\Users\Mesh Potsane\source\repos\Ludoboard\Ludoboard\Source.cpp(1490,24): warning C4305: 'argument': truncation from 'double' to 'GLfloat'
C:\Users\Mesh Potsane\source\repos\Ludoboard\Ludoboard\Source.cpp(1491,23): warning C4305: 'argument': truncation from 'double' to 'GLfloat'
C:\Users\Mesh Potsane\source\repos\Ludoboard\Ludoboard\Source.cpp(1495,23): warning C4305: 'argument': truncation from 'double' to 'GLfloat'
C:\Users\Mesh Potsane\source\repos\Ludoboard\Ludoboard\Source.cpp(1496,22): warning C4305: 'argument': truncation from 'double' to 'GLfloat'
C:\Users\Mesh Potsane\source\repos\Ludoboard\Ludoboard\Source.cpp(1499,25): warning C4305: 'argument': truncation from 'double' to 'GLfloat'
C:\Users\Mesh Potsane\source\repos\Ludoboard\Ludoboard\Source.cpp(1500,23): warning C4305: 'argument': truncation from 'double' to 'GLfloat'
C:\Users\Mesh Potsane\source\repos\Ludoboard\Ludoboard\Source.cpp(1501,26): warning C4305: 'argument': truncation from 'double' to 'GLfloat'
C:\Users\Mesh Potsane\source\repos\Ludoboard\Ludoboard\Source.cpp(1502,28): warning C4305: 'argument': truncation from 'double' to 'GLfloat'
C:\Users\Mesh Potsane\source\repos\Ludoboard\Ludoboard\Source.cpp(1505,28): warning C4305: 'argument': truncation from 'double' to 'GLfloat'
C:\Users\Mesh Potsane\source\repos\Ludoboard\Ludoboard\Source.cpp(1506,26): warning C4305: 'argument': truncation from 'double' to 'GLfloat'
C:\Users\Mesh Potsane\source\repos\Ludoboard\Ludoboard\Source.cpp(1509,28): warning C4305: 'argument': truncation from 'double' to 'GLfloat'
C:\Users\Mesh Potsane\source\repos\Ludoboard\Ludoboard\Source.cpp(1510,24): warning C4305: 'argument': truncation from 'double' to 'GLfloat'
C:\Users\Mesh Potsane\source\repos\Ludoboard\Ludoboard\Source.cpp(1513,22): warning C4305: 'argument': truncation from 'double' to 'GLfloat'
C:\Users\Mesh Potsane\source\repos\Ludoboard\Ludoboard\Source.cpp(1514,21): warning C4305: 'argument': truncation from 'double' to 'GLfloat'
C:\Users\Mesh Potsane\source\repos\Ludoboard\Ludoboard\Source.cpp(1521,25): warning C4305: 'argument': truncation from 'double' to 'GLfloat'
C:\Users\Mesh Potsane\source\repos\Ludoboard\Ludoboard\Source.cpp(1522,24): warning C4305: 'argument': truncation from 'double' to 'GLfloat'
C:\Users\Mesh Potsane\source\repos\Ludoboard\Ludoboard\Source.cpp(1526,25): warning C4305: 'argument': truncation from 'double' to 'GLfloat'
C:\Users\Mesh Potsane\source\repos\Ludoboard\Ludoboard\Source.cpp(1527,24): warning C4305: 'argument': truncation from 'double' to 'GLfloat'
C:\Users\Mesh Potsane\source\repos\Ludoboard\Ludoboard\Source.cpp(1531,25): warning C4305: 'argument': truncation from 'double' to 'GLfloat'
C:\Users\Mesh Potsane\source\repos\Ludoboard\Ludoboard\Source.cpp(1532,24): warning C4305: 'argument': truncation from 'double' to 'GLfloat'
C:\Users\Mesh Potsane\source\repos\Ludoboard\Ludoboard\Source.cpp(1536,25): warning C4305: 'argument': truncation from 'double' to 'GLfloat'
C:\Users\Mesh Potsane\source\repos\Ludoboard\Ludoboard\Source.cpp(1537,24): warning C4305: 'argument': truncation from 'double' to 'GLfloat'
C:\Users\Mesh Potsane\source\repos\Ludoboard\Ludoboard\Source.cpp(1541,24): warning C4305: 'argument': truncation from 'double' to 'GLfloat'
C:\Users\Mesh Potsane\source\repos\Ludoboard\Ludoboard\Source.cpp(1542,23): warning C4305: 'argument': truncation from 'double' to 'GLfloat'
C:\Users\Mesh Potsane\source\repos\Ludoboard\Ludoboard\Source.cpp(1545,27): warning C4305: 'argument': truncation from 'double' to 'GLfloat'
C:\Users\Mesh Potsane\source\repos\Ludoboard\Ludoboard\Source.cpp(1546,25): warning C4305: 'argument': truncation from 'double' to 'GLfloat'
C:\Users\Mesh Potsane\source\repos\Ludoboard\Ludoboard\Source.cpp(1547,26): warning C4305: 'argument': truncation from 'double' to 'GLfloat'
C:\Users\Mesh Potsane\source\repos\Ludoboard\Ludoboard\Source.cpp(1548,28): warning C4305: 'argument': truncation from 'double' to 'GLfloat'
C:\Users\Mesh Potsane\source\repos\Ludoboard\Ludoboard\Source.cpp(1551,28): warning C4305: 'argument': truncation from 'double' to 'GLfloat'
C:\Users\Mesh Potsane\source\repos\Ludoboard\Ludoboard\Source.cpp(1552,26): warning C4305: 'argument': truncation from 'double' to 'GLfloat'
C:\Users\Mesh Potsane\source\repos\Ludoboard\Ludoboard\Source.cpp(1555,28): warning C4305: 'argument': truncation from 'double' to 'GLfloat'
C:\Users\Mesh Potsane\source\repos\Ludoboard\Ludoboard\Source.cpp(1556,24): warning C4305: 'argument': truncation from 'double' to 'GLfloat'
C:\Users\Mesh Potsane\source\repos\Ludoboard\Ludoboard\Source.cpp(1560,23): warning C4305: 'argument': truncation from 'double' to 'GLfloat'
C:\Users\Mesh Potsane\source\repos\Ludoboard\Ludoboard\Source.cpp(1561,22): warning C4305: 'argument': truncation from 'double' to 'GLfloat'
C:\Users\Mesh Potsane\source\repos\Ludoboard\Ludoboard\Source.cpp(1574,25): warning C4305: 'argument': truncation from 'double' to 'GLfloat'
C:\Users\Mesh Potsane\source\repos\Ludoboard\Ludoboard\Source.cpp(1575,23): warning C4305: 'argument': truncation from 'double' to 'GLfloat'
C:\Users\Mesh Potsane\source\repos\Ludoboard\Ludoboard\Source.cpp(1576,26): warning C4305: 'argument': truncation from 'double' to 'GLfloat'
C:\Users\Mesh Potsane\source\repos\Ludoboard\Ludoboard\Source.cpp(1577,28): warning C4305: 'argument': truncation from 'double' to 'GLfloat'
C:\Users\Mesh Potsane\source\repos\Ludoboard\Ludoboard\Source.cpp(1580,28): warning C4305: 'argument': truncation from 'double' to 'GLfloat'
C:\Users\Mesh Potsane\source\repos\Ludoboard\Ludoboard\Source.cpp(1581,26): warning C4305: 'argument': truncation from 'double' to 'GLfloat'
C:\Users\Mesh Potsane\source\repos\Ludoboard\Ludoboard\Source.cpp(1584,28): warning C4305: 'argument': truncation from 'double' to 'GLfloat'
C:\Users\Mesh Potsane\source\repos\Ludoboard\Ludoboard\Source.cpp(1585,24): warning C4305: 'argument': truncation from 'double' to 'GLfloat'
C:\Users\Mesh Potsane\source\repos\Ludoboard\Ludoboard\Source.cpp(1588,27): warning C4305: 'argument': truncation from 'double' to 'GLfloat'
C:\Users\Mesh Potsane\source\repos\Ludoboard\Ludoboard\Source.cpp(1589,25): warning C4305: 'argument': truncation from 'double' to 'GLfloat'
C:\Users\Mesh Potsane\source\repos\Ludoboard\Ludoboard\Source.cpp(1590,26): warning C4305: 'argument': truncation from 'double' to 'GLfloat'
C:\Users\Mesh Potsane\source\repos\Ludoboard\Ludoboard\Source.cpp(1591,28): warning C4305: 'argument': truncation from 'double' to 'GLfloat'
C:\Users\Mesh Potsane\source\repos\Ludoboard\Ludoboard\Source.cpp(1594,28): warning C4305: 'argument': truncation from 'double' to 'GLfloat'
C:\Users\Mesh Potsane\source\repos\Ludoboard\Ludoboard\Source.cpp(1595,26): warning C4305: 'argument': truncation from 'double' to 'GLfloat'
C:\Users\Mesh Potsane\source\repos\Ludoboard\Ludoboard\Source.cpp(1598,28): warning C4305: 'argument': truncation from 'double' to 'GLfloat'
C:\Users\Mesh Potsane\source\repos\Ludoboard\Ludoboard\Source.cpp(1599,24): warning C4305: 'argument': truncation from 'double' to 'GLfloat'
C:\Users\Mesh Potsane\source\repos\Ludoboard\Ludoboard\Source.cpp(1637,16): warning C4305: 'initializing': truncation from 'double' to 'float'
C:\Users\Mesh Potsane\source\repos\Ludoboard\Ludoboard\Source.cpp(1637,25): warning C4305: 'initializing': truncation from 'double' to 'float'
C:\Users\Mesh Potsane\source\repos\Ludoboard\Ludoboard\Source.cpp(1652,14): warning C4305: '-=': truncation from 'double' to 'float'
C:\Users\Mesh Potsane\source\repos\Ludoboard\Ludoboard\Source.cpp(1678,16): warning C4305: 'initializing': truncation from 'double' to 'float'
C:\Users\Mesh Potsane\source\repos\Ludoboard\Ludoboard\Source.cpp(1678,25): warning C4305: 'initializing': truncation from 'double' to 'float'
C:\Users\Mesh Potsane\source\repos\Ludoboard\Ludoboard\Source.cpp(1692,13): warning C4305: '-=': truncation from 'double' to 'float'
C:\Users\Mesh Potsane\source\repos\Ludoboard\Ludoboard\Source.cpp(1706,15): warning C4305: 'initializing': truncation from 'double' to 'float'
C:\Users\Mesh Potsane\source\repos\Ludoboard\Ludoboard\Source.cpp(1706,24): warning C4305: 'initializing': truncation from 'double' to 'float'
C:\Users\Mesh Potsane\source\repos\Ludoboard\Ludoboard\Source.cpp(1708,25): warning C4305: 'argument': truncation from 'double' to 'GLfloat'
C:\Users\Mesh Potsane\source\repos\Ludoboard\Ludoboard\Source.cpp(1710,22): warning C4305: 'argument': truncation from 'double' to 'GLfloat'
C:\Users\Mesh Potsane\source\repos\Ludoboard\Ludoboard\Source.cpp(1711,22): warning C4305: 'argument': truncation from 'double' to 'GLfloat'
C:\Users\Mesh Potsane\source\repos\Ludoboard\Ludoboard\Source.cpp(1712,23): warning C4305: 'argument': truncation from 'double' to 'GLfloat'
C:\Users\Mesh Potsane\source\repos\Ludoboard\Ludoboard\Source.cpp(1713,23): warning C4305: 'argument': truncation from 'double' to 'GLfloat'
C:\Users\Mesh Potsane\source\repos\Ludoboard\Ludoboard\Source.cpp(1723,13): warning C4305: '-=': truncation from 'double' to 'float'
C:\Users\Mesh Potsane\source\repos\Ludoboard\Ludoboard\Source.cpp(1741,15): warning C4305: 'initializing': truncation from 'double' to 'float'
C:\Users\Mesh Potsane\source\repos\Ludoboard\Ludoboard\Source.cpp(1741,25): warning C4305: 'initializing': truncation from 'double' to 'float'
C:\Users\Mesh Potsane\source\repos\Ludoboard\Ludoboard\Source.cpp(1750,22): warning C4305: 'argument': truncation from 'double' to 'GLfloat'
C:\Users\Mesh Potsane\source\repos\Ludoboard\Ludoboard\Source.cpp(1751,22): warning C4305: 'argument': truncation from 'double' to 'GLfloat'
C:\Users\Mesh Potsane\source\repos\Ludoboard\Ludoboard\Source.cpp(1752,22): warning C4305: 'argument': truncation from 'double' to 'GLfloat'
C:\Users\Mesh Potsane\source\repos\Ludoboard\Ludoboard\Source.cpp(1753,22): warning C4305: 'argument': truncation from 'double' to 'GLfloat'
C:\Users\Mesh Potsane\source\repos\Ludoboard\Ludoboard\Source.cpp(1758,22): warning C4305: 'argument': truncation from 'double' to 'GLfloat'
C:\Users\Mesh Potsane\source\repos\Ludoboard\Ludoboard\Source.cpp(1759,22): warning C4305: 'argument': truncation from 'double' to 'GLfloat'
C:\Users\Mesh Potsane\source\repos\Ludoboard\Ludoboard\Source.cpp(1760,22): warning C4305: 'argument': truncation from 'double' to 'GLfloat'
C:\Users\Mesh Potsane\source\repos\Ludoboard\Ludoboard\Source.cpp(1761,22): warning C4305: 'argument': truncation from 'double' to 'GLfloat'
C:\Users\Mesh Potsane\source\repos\Ludoboard\Ludoboard\Source.cpp(1762,22): warning C4305: 'argument': truncation from 'double' to 'GLfloat'
C:\Users\Mesh Potsane\source\repos\Ludoboard\Ludoboard\Source.cpp(1763,22): warning C4305: 'argument': truncation from 'double' to 'GLfloat'
C:\Users\Mesh Potsane\source\repos\Ludoboard\Ludoboard\Source.cpp(1768,23): warning C4305: 'argument': truncation from 'double' to 'GLfloat'
C:\Users\Mesh Potsane\source\repos\Ludoboard\Ludoboard\Source.cpp(1769,23): warning C4305: 'argument': truncation from 'double' to 'GLfloat'
C:\Users\Mesh Potsane\source\repos\Ludoboard\Ludoboard\Source.cpp(1770,26): warning C4305: 'argument': truncation from 'double' to 'GLfloat'
C:\Users\Mesh Potsane\source\repos\Ludoboard\Ludoboard\Source.cpp(1771,23): warning C4305: 'argument': truncation from 'double' to 'GLfloat'
C:\Users\Mesh Potsane\source\repos\Ludoboard\Ludoboard\Source.cpp(1772,23): warning C4305: 'argument': truncation from 'double' to 'GLfloat'
C:\Users\Mesh Potsane\source\repos\Ludoboard\Ludoboard\Source.cpp(1773,24): warning C4305: 'argument': truncation from 'double' to 'GLfloat'
C:\Users\Mesh Potsane\source\repos\Ludoboard\Ludoboard\Source.cpp(1778,24): warning C4305: 'argument': truncation from 'double' to 'GLfloat'
C:\Users\Mesh Potsane\source\repos\Ludoboard\Ludoboard\Source.cpp(1779,22): warning C4305: 'argument': truncation from 'double' to 'GLfloat'
C:\Users\Mesh Potsane\source\repos\Ludoboard\Ludoboard\Source.cpp(1780,22): warning C4305: 'argument': truncation from 'double' to 'GLfloat'
C:\Users\Mesh Potsane\source\repos\Ludoboard\Ludoboard\Source.cpp(1781,23): warning C4305: 'argument': truncation from 'double' to 'GLfloat'
C:\Users\Mesh Potsane\source\repos\Ludoboard\Ludoboard\Source.cpp(1782,24): warning C4305: 'argument': truncation from 'double' to 'GLfloat'
C:\Users\Mesh Potsane\source\repos\Ludoboard\Ludoboard\Source.cpp(1783,23): warning C4305: 'argument': truncation from 'double' to 'GLfloat'
C:\Users\Mesh Potsane\source\repos\Ludoboard\Ludoboard\Source.cpp(1788,23): warning C4305: 'argument': truncation from 'double' to 'GLfloat'
C:\Users\Mesh Potsane\source\repos\Ludoboard\Ludoboard\Source.cpp(1789,23): warning C4305: 'argument': truncation from 'double' to 'GLfloat'
C:\Users\Mesh Potsane\source\repos\Ludoboard\Ludoboard\Source.cpp(1790,23): warning C4305: 'argument': truncation from 'double' to 'GLfloat'
C:\Users\Mesh Potsane\source\repos\Ludoboard\Ludoboard\Source.cpp(1791,22): warning C4305: 'argument': truncation from 'double' to 'GLfloat'
C:\Users\Mesh Potsane\source\repos\Ludoboard\Ludoboard\Source.cpp(1792,22): warning C4305: 'argument': truncation from 'double' to 'GLfloat'
C:\Users\Mesh Potsane\source\repos\Ludoboard\Ludoboard\Source.cpp(1793,22): warning C4305: 'argument': truncation from 'double' to 'GLfloat'
C:\Users\Mesh Potsane\source\repos\Ludoboard\Ludoboard\Source.cpp(1794,22): warning C4305: 'argument': truncation from 'double' to 'GLfloat'
C:\Users\Mesh Potsane\source\repos\Ludoboard\Ludoboard\Source.cpp(1795,22): warning C4305: 'argument': truncation from 'double' to 'GLfloat'
C:\Users\Mesh Potsane\source\repos\Ludoboard\Ludoboard\Source.cpp(1796,22): warning C4305: 'argument': truncation from 'double' to 'GLfloat'
C:\Users\Mesh Potsane\source\repos\Ludoboard\Ludoboard\Source.cpp(1797,23): warning C4305: 'argument': truncation from 'double' to 'GLfloat'
C:\Users\Mesh Potsane\source\repos\Ludoboard\Ludoboard\Source.cpp(1802,22): warning C4305: 'argument': truncation from 'double' to 'GLfloat'
C:\Users\Mesh Potsane\source\repos\Ludoboard\Ludoboard\Source.cpp(1803,22): warning C4305: 'argument': truncation from 'double' to 'GLfloat'
C:\Users\Mesh Potsane\source\repos\Ludoboard\Ludoboard\Source.cpp(1804,22): warning C4305: 'argument': truncation from 'double' to 'GLfloat'
C:\Users\Mesh Potsane\source\repos\Ludoboard\Ludoboard\Source.cpp(1805,21): warning C4305: 'argument': truncation from 'double' to 'GLfloat'
C:\Users\Mesh Potsane\source\repos\Ludoboard\Ludoboard\Source.cpp(1806,22): warning C4305: 'argument': truncation from 'double' to 'GLfloat'
C:\Users\Mesh Potsane\source\repos\Ludoboard\Ludoboard\Source.cpp(1807,21): warning C4305: 'argument': truncation from 'double' to 'GLfloat'
C:\Users\Mesh Potsane\source\repos\Ludoboard\Ludoboard\Source.cpp(1812,23): warning C4305: 'argument': truncation from 'double' to 'GLfloat'
C:\Users\Mesh Potsane\source\repos\Ludoboard\Ludoboard\Source.cpp(1813,23): warning C4305: 'argument': truncation from 'double' to 'GLfloat'
C:\Users\Mesh Potsane\source\repos\Ludoboard\Ludoboard\Source.cpp(1814,23): warning C4305: 'argument': truncation from 'double' to 'GLfloat'
C:\Users\Mesh Potsane\source\repos\Ludoboard\Ludoboard\Source.cpp(1815,23): warning C4305: 'argument': truncation from 'double' to 'GLfloat'
C:\Users\Mesh Potsane\source\repos\Ludoboard\Ludoboard\Source.cpp(1816,22): warning C4305: 'argument': truncation from 'double' to 'GLfloat'
C:\Users\Mesh Potsane\source\repos\Ludoboard\Ludoboard\Source.cpp(1817,22): warning C4305: 'argument': truncation from 'double' to 'GLfloat'
C:\Users\Mesh Potsane\source\repos\Ludoboard\Ludoboard\Source.cpp(1822,23): warning C4305: 'argument': truncation from 'double' to 'GLfloat'
C:\Users\Mesh Potsane\source\repos\Ludoboard\Ludoboard\Source.cpp(1823,22): warning C4305: 'argument': truncation from 'double' to 'GLfloat'
C:\Users\Mesh Potsane\source\repos\Ludoboard\Ludoboard\Source.cpp(1824,22): warning C4305: 'argument': truncation from 'double' to 'GLfloat'
C:\Users\Mesh Potsane\source\repos\Ludoboard\Ludoboard\Source.cpp(1825,22): warning C4305: 'argument': truncation from 'double' to 'GLfloat'
C:\Users\Mesh Potsane\source\repos\Ludoboard\Ludoboard\Source.cpp(1826,22): warning C4305: 'argument': truncation from 'double' to 'GLfloat'
C:\Users\Mesh Potsane\source\repos\Ludoboard\Ludoboard\Source.cpp(1827,21): warning C4305: 'argument': truncation from 'double' to 'GLfloat'
C:\Users\Mesh Potsane\source\repos\Ludoboard\Ludoboard\Source.cpp(1828,21): warning C4305: 'argument': truncation from 'double' to 'GLfloat'
C:\Users\Mesh Potsane\source\repos\Ludoboard\Ludoboard\Source.cpp(1829,23): warning C4305: 'argument': truncation from 'double' to 'GLfloat'
C:\Users\Mesh Potsane\source\repos\Ludoboard\Ludoboard\Source.cpp(1834,23): warning C4305: 'argument': truncation from 'double' to 'GLfloat'
C:\Users\Mesh Potsane\source\repos\Ludoboard\Ludoboard\Source.cpp(1835,22): warning C4305: 'argument': truncation from 'double' to 'GLfloat'
C:\Users\Mesh Potsane\source\repos\Ludoboard\Ludoboard\Source.cpp(1836,23): warning C4305: 'argument': truncation from 'double' to 'GLfloat'
C:\Users\Mesh Potsane\source\repos\Ludoboard\Ludoboard\Source.cpp(1837,22): warning C4305: 'argument': truncation from 'double' to 'GLfloat'
C:\Users\Mesh Potsane\source\repos\Ludoboard\Ludoboard\Source.cpp(1838,22): warning C4305: 'argument': truncation from 'double' to 'GLfloat'
C:\Users\Mesh Potsane\source\repos\Ludoboard\Ludoboard\Source.cpp(1839,24): warning C4305: 'argument': truncation from 'double' to 'GLfloat'
C:\Users\Mesh Potsane\source\repos\Ludoboard\Ludoboard\Source.cpp(1851,13): warning C4305: '-=': truncation from 'double' to 'float'
C:\Users\Mesh Potsane\source\repos\Ludoboard\Ludoboard\Source.cpp(1857,12): warning C4305: '-=': truncation from 'double' to 'float'
C:\Users\Mesh Potsane\source\repos\Ludoboard\Ludoboard\Source.cpp(1873,23): warning C4305: 'argument': truncation from 'double' to 'GLfloat'
C:\Users\Mesh Potsane\source\repos\Ludoboard\Ludoboard\Source.cpp(1874,22): warning C4305: 'argument': truncation from 'double' to 'GLfloat'
C:\Users\Mesh Potsane\source\repos\Ludoboard\Ludoboard\Source.cpp(1875,21): warning C4305: 'argument': truncation from 'double' to 'GLfloat'
C:\Users\Mesh Potsane\source\repos\Ludoboard\Ludoboard\Source.cpp(1876,20): warning C4305: 'argument': truncation from 'double' to 'GLfloat'
C:\Users\Mesh Potsane\source\repos\Ludoboard\Ludoboard\Source.cpp(1878,32): warning C4305: 'argument': truncation from 'double' to 'GLfloat'
C:\Users\Mesh Potsane\source\repos\Ludoboard\Ludoboard\Source.cpp(1880,25): warning C4305: 'argument': truncation from 'double' to 'GLfloat'
C:\Users\Mesh Potsane\source\repos\Ludoboard\Ludoboard\Source.cpp(1881,23): warning C4305: 'argument': truncation from 'double' to 'GLfloat'
C:\Users\Mesh Potsane\source\repos\Ludoboard\Ludoboard\Source.cpp(1882,23): warning C4305: 'argument': truncation from 'double' to 'GLfloat'
C:\Users\Mesh Potsane\source\repos\Ludoboard\Ludoboard\Source.cpp(1883,23): warning C4305: 'argument': truncation from 'double' to 'GLfloat'
C:\Users\Mesh Potsane\source\repos\Ludoboard\Ludoboard\Source.cpp(1889,25): warning C4305: 'argument': truncation from 'double' to 'GLfloat'
C:\Users\Mesh Potsane\source\repos\Ludoboard\Ludoboard\Source.cpp(1890,23): warning C4305: 'argument': truncation from 'double' to 'GLfloat'
C:\Users\Mesh Potsane\source\repos\Ludoboard\Ludoboard\Source.cpp(1891,23): warning C4305: 'argument': truncation from 'double' to 'GLfloat'
C:\Users\Mesh Potsane\source\repos\Ludoboard\Ludoboard\Source.cpp(1892,23): warning C4305: 'argument': truncation from 'double' to 'GLfloat'
C:\Users\Mesh Potsane\source\repos\Ludoboard\Ludoboard\Source.cpp(1899,25): warning C4305: 'argument': truncation from 'double' to 'GLfloat'
C:\Users\Mesh Potsane\source\repos\Ludoboard\Ludoboard\Source.cpp(1900,23): warning C4305: 'argument': truncation from 'double' to 'GLfloat'
C:\Users\Mesh Potsane\source\repos\Ludoboard\Ludoboard\Source.cpp(1901,23): warning C4305: 'argument': truncation from 'double' to 'GLfloat'
C:\Users\Mesh Potsane\source\repos\Ludoboard\Ludoboard\Source.cpp(1902,23): warning C4305: 'argument': truncation from 'double' to 'GLfloat'
C:\Users\Mesh Potsane\source\repos\Ludoboard\Ludoboard\Source.cpp(1909,25): warning C4305: 'argument': truncation from 'double' to 'GLfloat'
C:\Users\Mesh Potsane\source\repos\Ludoboard\Ludoboard\Source.cpp(1910,23): warning C4305: 'argument': truncation from 'double' to 'GLfloat'
C:\Users\Mesh Potsane\source\repos\Ludoboard\Ludoboard\Source.cpp(1911,22): warning C4305: 'argument': truncation from 'double' to 'GLfloat'
C:\Users\Mesh Potsane\source\repos\Ludoboard\Ludoboard\Source.cpp(1912,22): warning C4305: 'argument': truncation from 'double' to 'GLfloat'
C:\Users\Mesh Potsane\source\repos\Ludoboard\Ludoboard\Source.cpp(1919,24): warning C4305: 'argument': truncation from 'double' to 'GLfloat'
C:\Users\Mesh Potsane\source\repos\Ludoboard\Ludoboard\Source.cpp(1920,22): warning C4305: 'argument': truncation from 'double' to 'GLfloat'
C:\Users\Mesh Potsane\source\repos\Ludoboard\Ludoboard\Source.cpp(1921,22): warning C4305: 'argument': truncation from 'double' to 'GLfloat'
C:\Users\Mesh Potsane\source\repos\Ludoboard\Ludoboard\Source.cpp(1922,22): warning C4305: 'argument': truncation from 'double' to 'GLfloat'
C:\Users\Mesh Potsane\source\repos\Ludoboard\Ludoboard\Source.cpp(1932,24): warning C4305: 'argument': truncation from 'double' to 'GLfloat'
C:\Users\Mesh Potsane\source\repos\Ludoboard\Ludoboard\Source.cpp(1933,22): warning C4305: 'argument': truncation from 'double' to 'GLfloat'
C:\Users\Mesh Potsane\source\repos\Ludoboard\Ludoboard\Source.cpp(1934,23): warning C4305: 'argument': truncation from 'double' to 'GLfloat'
C:\Users\Mesh Potsane\source\repos\Ludoboard\Ludoboard\Source.cpp(1935,23): warning C4305: 'argument': truncation from 'double' to 'GLfloat'
C:\Users\Mesh Potsane\source\repos\Ludoboard\Ludoboard\Source.cpp(1942,25): warning C4305: 'argument': truncation from 'double' to 'GLfloat'
C:\Users\Mesh Potsane\source\repos\Ludoboard\Ludoboard\Source.cpp(1943,23): warning C4305: 'argument': truncation from 'double' to 'GLfloat'
C:\Users\Mesh Potsane\source\repos\Ludoboard\Ludoboard\Source.cpp(1944,22): warning C4305: 'argument': truncation from 'double' to 'GLfloat'
C:\Users\Mesh Potsane\source\repos\Ludoboard\Ludoboard\Source.cpp(1945,22): warning C4305: 'argument': truncation from 'double' to 'GLfloat'
C:\Users\Mesh Potsane\source\repos\Ludoboard\Ludoboard\Source.cpp(1951,24): warning C4305: 'argument': truncation from 'double' to 'GLfloat'
C:\Users\Mesh Potsane\source\repos\Ludoboard\Ludoboard\Source.cpp(1952,22): warning C4305: 'argument': truncation from 'double' to 'GLfloat'
C:\Users\Mesh Potsane\source\repos\Ludoboard\Ludoboard\Source.cpp(1953,23): warning C4305: 'argument': truncation from 'double' to 'GLfloat'
C:\Users\Mesh Potsane\source\repos\Ludoboard\Ludoboard\Source.cpp(1954,23): warning C4305: 'argument': truncation from 'double' to 'GLfloat'
C:\Users\Mesh Potsane\source\repos\Ludoboard\Ludoboard\Source.cpp(1969,17): warning C4305: 'initializing': truncation from 'double' to 'float'
C:\Users\Mesh Potsane\source\repos\Ludoboard\Ludoboard\Source.cpp(1969,27): warning C4305: 'initializing': truncation from 'double' to 'float'
C:\Users\Mesh Potsane\source\repos\Ludoboard\Ludoboard\Source.cpp(1978,22): warning C4305: 'argument': truncation from 'double' to 'GLfloat'
C:\Users\Mesh Potsane\source\repos\Ludoboard\Ludoboard\Source.cpp(1979,22): warning C4305: 'argument': truncation from 'double' to 'GLfloat'
C:\Users\Mesh Potsane\source\repos\Ludoboard\Ludoboard\Source.cpp(1980,22): warning C4305: 'argument': truncation from 'double' to 'GLfloat'
C:\Users\Mesh Potsane\source\repos\Ludoboard\Ludoboard\Source.cpp(1981,22): warning C4305: 'argument': truncation from 'double' to 'GLfloat'
C:\Users\Mesh Potsane\source\repos\Ludoboard\Ludoboard\Source.cpp(1986,22): warning C4305: 'argument': truncation from 'double' to 'GLfloat'
C:\Users\Mesh Potsane\source\repos\Ludoboard\Ludoboard\Source.cpp(1987,22): warning C4305: 'argument': truncation from 'double' to 'GLfloat'
C:\Users\Mesh Potsane\source\repos\Ludoboard\Ludoboard\Source.cpp(1988,22): warning C4305: 'argument': truncation from 'double' to 'GLfloat'
C:\Users\Mesh Potsane\source\repos\Ludoboard\Ludoboard\Source.cpp(1989,22): warning C4305: 'argument': truncation from 'double' to 'GLfloat'
C:\Users\Mesh Potsane\source\repos\Ludoboard\Ludoboard\Source.cpp(1990,22): warning C4305: 'argument': truncation from 'double' to 'GLfloat'
C:\Users\Mesh Potsane\source\repos\Ludoboard\Ludoboard\Source.cpp(1991,22): warning C4305: 'argument': truncation from 'double' to 'GLfloat'
C:\Users\Mesh Potsane\source\repos\Ludoboard\Ludoboard\Source.cpp(1996,23): warning C4305: 'argument': truncation from 'double' to 'GLfloat'
C:\Users\Mesh Potsane\source\repos\Ludoboard\Ludoboard\Source.cpp(1997,23): warning C4305: 'argument': truncation from 'double' to 'GLfloat'
C:\Users\Mesh Potsane\source\repos\Ludoboard\Ludoboard\Source.cpp(1998,26): warning C4305: 'argument': truncation from 'double' to 'GLfloat'
C:\Users\Mesh Potsane\source\repos\Ludoboard\Ludoboard\Source.cpp(1999,23): warning C4305: 'argument': truncation from 'double' to 'GLfloat'
C:\Users\Mesh Potsane\source\repos\Ludoboard\Ludoboard\Source.cpp(2000,23): warning C4305: 'argument': truncation from 'double' to 'GLfloat'
C:\Users\Mesh Potsane\source\repos\Ludoboard\Ludoboard\Source.cpp(2001,24): warning C4305: 'argument': truncation from 'double' to 'GLfloat'
C:\Users\Mesh Potsane\source\repos\Ludoboard\Ludoboard\Source.cpp(2006,24): warning C4305: 'argument': truncation from 'double' to 'GLfloat'
C:\Users\Mesh Potsane\source\repos\Ludoboard\Ludoboard\Source.cpp(2007,22): warning C4305: 'argument': truncation from 'double' to 'GLfloat'
C:\Users\Mesh Potsane\source\repos\Ludoboard\Ludoboard\Source.cpp(2008,22): warning C4305: 'argument': truncation from 'double' to 'GLfloat'
C:\Users\Mesh Potsane\source\repos\Ludoboard\Ludoboard\Source.cpp(2009,23): warning C4305: 'argument': truncation from 'double' to 'GLfloat'
C:\Users\Mesh Potsane\source\repos\Ludoboard\Ludoboard\Source.cpp(2010,24): warning C4305: 'argument': truncation from 'double' to 'GLfloat'
C:\Users\Mesh Potsane\source\repos\Ludoboard\Ludoboard\Source.cpp(2011,23): warning C4305: 'argument': truncation from 'double' to 'GLfloat'
C:\Users\Mesh Potsane\source\repos\Ludoboard\Ludoboard\Source.cpp(2016,23): warning C4305: 'argument': truncation from 'double' to 'GLfloat'
C:\Users\Mesh Potsane\source\repos\Ludoboard\Ludoboard\Source.cpp(2017,23): warning C4305: 'argument': truncation from 'double' to 'GLfloat'
C:\Users\Mesh Potsane\source\repos\Ludoboard\Ludoboard\Source.cpp(2018,23): warning C4305: 'argument': truncation from 'double' to 'GLfloat'
C:\Users\Mesh Potsane\source\repos\Ludoboard\Ludoboard\Source.cpp(2019,22): warning C4305: 'argument': truncation from 'double' to 'GLfloat'
C:\Users\Mesh Potsane\source\repos\Ludoboard\Ludoboard\Source.cpp(2020,22): warning C4305: 'argument': truncation from 'double' to 'GLfloat'
C:\Users\Mesh Potsane\source\repos\Ludoboard\Ludoboard\Source.cpp(2021,22): warning C4305: 'argument': truncation from 'double' to 'GLfloat'
C:\Users\Mesh Potsane\source\repos\Ludoboard\Ludoboard\Source.cpp(2022,22): warning C4305: 'argument': truncation from 'double' to 'GLfloat'
C:\Users\Mesh Potsane\source\repos\Ludoboard\Ludoboard\Source.cpp(2023,22): warning C4305: 'argument': truncation from 'double' to 'GLfloat'
C:\Users\Mesh Potsane\source\repos\Ludoboard\Ludoboard\Source.cpp(2024,22): warning C4305: 'argument': truncation from 'double' to 'GLfloat'
C:\Users\Mesh Potsane\source\repos\Ludoboard\Ludoboard\Source.cpp(2025,23): warning C4305: 'argument': truncation from 'double' to 'GLfloat'
C:\Users\Mesh Potsane\source\repos\Ludoboard\Ludoboard\Source.cpp(2030,22): warning C4305: 'argument': truncation from 'double' to 'GLfloat'
C:\Users\Mesh Potsane\source\repos\Ludoboard\Ludoboard\Source.cpp(2031,22): warning C4305: 'argument': truncation from 'double' to 'GLfloat'
C:\Users\Mesh Potsane\source\repos\Ludoboard\Ludoboard\Source.cpp(2032,22): warning C4305: 'argument': truncation from 'double' to 'GLfloat'
C:\Users\Mesh Potsane\source\repos\Ludoboard\Ludoboard\Source.cpp(2033,21): warning C4305: 'argument': truncation from 'double' to 'GLfloat'
C:\Users\Mesh Potsane\source\repos\Ludoboard\Ludoboard\Source.cpp(2034,22): warning C4305: 'argument': truncation from 'double' to 'GLfloat'
C:\Users\Mesh Potsane\source\repos\Ludoboard\Ludoboard\Source.cpp(2035,21): warning C4305: 'argument': truncation from 'double' to 'GLfloat'
C:\Users\Mesh Potsane\source\repos\Ludoboard\Ludoboard\Source.cpp(2040,23): warning C4305: 'argument': truncation from 'double' to 'GLfloat'
C:\Users\Mesh Potsane\source\repos\Ludoboard\Ludoboard\Source.cpp(2041,23): warning C4305: 'argument': truncation from 'double' to 'GLfloat'
C:\Users\Mesh Potsane\source\repos\Ludoboard\Ludoboard\Source.cpp(2042,23): warning C4305: 'argument': truncation from 'double' to 'GLfloat'
C:\Users\Mesh Potsane\source\repos\Ludoboard\Ludoboard\Source.cpp(2043,23): warning C4305: 'argument': truncation from 'double' to 'GLfloat'
C:\Users\Mesh Potsane\source\repos\Ludoboard\Ludoboard\Source.cpp(2044,22): warning C4305: 'argument': truncation from 'double' to 'GLfloat'
C:\Users\Mesh Potsane\source\repos\Ludoboard\Ludoboard\Source.cpp(2045,22): warning C4305: 'argument': truncation from 'double' to 'GLfloat'
C:\Users\Mesh Potsane\source\repos\Ludoboard\Ludoboard\Source.cpp(2050,23): warning C4305: 'argument': truncation from 'double' to 'GLfloat'
C:\Users\Mesh Potsane\source\repos\Ludoboard\Ludoboard\Source.cpp(2051,22): warning C4305: 'argument': truncation from 'double' to 'GLfloat'
C:\Users\Mesh Potsane\source\repos\Ludoboard\Ludoboard\Source.cpp(2052,22): warning C4305: 'argument': truncation from 'double' to 'GLfloat'
C:\Users\Mesh Potsane\source\repos\Ludoboard\Ludoboard\Source.cpp(2053,22): warning C4305: 'argument': truncation from 'double' to 'GLfloat'
C:\Users\Mesh Potsane\source\repos\Ludoboard\Ludoboard\Source.cpp(2054,22): warning C4305: 'argument': truncation from 'double' to 'GLfloat'
C:\Users\Mesh Potsane\source\repos\Ludoboard\Ludoboard\Source.cpp(2055,21): warning C4305: 'argument': truncation from 'double' to 'GLfloat'
C:\Users\Mesh Potsane\source\repos\Ludoboard\Ludoboard\Source.cpp(2056,21): warning C4305: 'argument': truncation from 'double' to 'GLfloat'
C:\Users\Mesh Potsane\source\repos\Ludoboard\Ludoboard\Source.cpp(2057,23): warning C4305: 'argument': truncation from 'double' to 'GLfloat'
C:\Users\Mesh Potsane\source\repos\Ludoboard\Ludoboard\Source.cpp(2062,23): warning C4305: 'argument': truncation from 'double' to 'GLfloat'
C:\Users\Mesh Potsane\source\repos\Ludoboard\Ludoboard\Source.cpp(2063,22): warning C4305: 'argument': truncation from 'double' to 'GLfloat'
C:\Users\Mesh Potsane\source\repos\Ludoboard\Ludoboard\Source.cpp(2064,23): warning C4305: 'argument': truncation from 'double' to 'GLfloat'
C:\Users\Mesh Potsane\source\repos\Ludoboard\Ludoboard\Source.cpp(2065,22): warning C4305: 'argument': truncation from 'double' to 'GLfloat'
C:\Users\Mesh Potsane\source\repos\Ludoboard\Ludoboard\Source.cpp(2066,22): warning C4305: 'argument': truncation from 'double' to 'GLfloat'
C:\Users\Mesh Potsane\source\repos\Ludoboard\Ludoboard\Source.cpp(2067,24): warning C4305: 'argument': truncation from 'double' to 'GLfloat'
C:\Users\Mesh Potsane\source\repos\Ludoboard\Ludoboard\Source.cpp(2079,13): warning C4305: '-=': truncation from 'double' to 'float'
C:\Users\Mesh Potsane\source\repos\Ludoboard\Ludoboard\Source.cpp(2085,12): warning C4305: '-=': truncation from 'double' to 'float'
C:\Users\Mesh Potsane\source\repos\Ludoboard\Ludoboard\Source.cpp(2114,30): warning C4305: 'argument': truncation from 'double' to 'GLclampf'
C:\Users\Mesh Potsane\source\repos\Ludoboard\Ludoboard\Source.cpp(2126,1): warning C4326: return type of 'main' should be 'int' instead of 'void'
  Ludoboard.vcxproj -> C:\Users\Mesh Potsane\source\repos\Ludoboard\Debug\Ludoboard.exe
